<?xml version="1.0" encoding="UTF-8"?>
<coverage generated="1625472565746" clover="3.2.0">
  <project timestamp="1625472565747" name="All files">
    <metrics statements="225" coveredstatements="139" conditionals="102" coveredconditionals="73" methods="69" coveredmethods="38" elements="396" coveredelements="250" complexity="0" loc="225" ncloc="225" packages="3" files="16" classes="16"/>
    <package name="constants">
      <metrics statements="8" coveredstatements="8" conditionals="5" coveredconditionals="5" methods="1" coveredmethods="1"/>
      <file name="routes.js" path="/home/goulvennev/Documents/Travail/OpenClassrooms/Livrable 8/src/constants/routes.js">
        <metrics statements="8" coveredstatements="8" conditionals="5" coveredconditionals="5" methods="1" coveredmethods="1"/>
        <line num="6" count="5" type="stmt"/>
        <line num="13" count="5" type="stmt"/>
        <line num="14" count="11" type="cond" truecount="5" falsecount="0"/>
        <line num="16" count="3" type="stmt"/>
        <line num="18" count="3" type="stmt"/>
        <line num="20" count="1" type="stmt"/>
        <line num="22" count="3" type="stmt"/>
        <line num="24" count="1" type="stmt"/>
      </file>
      <file name="usersTest.js" path="/home/goulvennev/Documents/Travail/OpenClassrooms/Livrable 8/src/constants/usersTest.js">
        <metrics statements="0" coveredstatements="0" conditionals="0" coveredconditionals="0" methods="0" coveredmethods="0"/>
      </file>
    </package>
    <package name="containers">
      <metrics statements="189" coveredstatements="105" conditionals="67" coveredconditionals="40" methods="54" coveredmethods="23"/>
      <file name="Bills.js" path="/home/goulvennev/Documents/Travail/OpenClassrooms/Livrable 8/src/containers/Bills.js">
        <metrics statements="29" coveredstatements="0" conditionals="8" coveredconditionals="0" methods="10" coveredmethods="0"/>
        <line num="7" count="0" type="stmt"/>
        <line num="8" count="0" type="stmt"/>
        <line num="9" count="0" type="stmt"/>
        <line num="10" count="0" type="stmt"/>
        <line num="11" count="0" type="cond" truecount="0" falsecount="2"/>
        <line num="12" count="0" type="stmt"/>
        <line num="13" count="0" type="cond" truecount="0" falsecount="2"/>
        <line num="14" count="0" type="stmt"/>
        <line num="16" count="0" type="stmt"/>
        <line num="19" count="0" type="stmt"/>
        <line num="20" count="0" type="stmt"/>
        <line num="23" count="0" type="stmt"/>
        <line num="24" count="0" type="stmt"/>
        <line num="25" count="0" type="stmt"/>
        <line num="26" count="0" type="stmt"/>
        <line num="27" count="0" type="stmt"/>
        <line num="31" count="0" type="stmt"/>
        <line num="32" count="0" type="cond" truecount="0" falsecount="2"/>
        <line num="34" count="0" type="cond" truecount="0" falsecount="2"/>
        <line num="35" count="0" type="stmt"/>
        <line num="39" count="0" type="stmt"/>
        <line num="41" count="0" type="stmt"/>
        <line num="42" count="0" type="stmt"/>
        <line num="50" count="0" type="stmt"/>
        <line num="51" count="0" type="stmt"/>
        <line num="58" count="0" type="stmt"/>
        <line num="59" count="0" type="stmt"/>
        <line num="60" count="0" type="stmt"/>
        <line num="62" count="0" type="stmt"/>
      </file>
      <file name="Dashboard.js" path="/home/goulvennev/Documents/Travail/OpenClassrooms/Livrable 8/src/containers/Dashboard.js">
        <metrics statements="78" coveredstatements="70" conditionals="45" coveredconditionals="37" methods="25" coveredmethods="16"/>
        <line num="8" count="5" type="stmt"/>
        <line num="9" count="21" type="cond" truecount="4" falsecount="0"/>
        <line num="15" count="24" type="cond" truecount="1" falsecount="1"/>
        <line num="16" count="24" type="stmt"/>
        <line num="19" count="0" type="stmt"/>
        <line num="20" count="0" type="stmt"/>
        <line num="25" count="24" type="stmt"/>
        <line num="29" count="5" type="stmt"/>
        <line num="30" count="8" type="stmt"/>
        <line num="31" count="8" type="cond" truecount="1" falsecount="1"/>
        <line num="33" count="8" type="cond" truecount="1" falsecount="1"/>
        <line num="36" count="8" type="stmt"/>
        <line num="54" count="5" type="stmt"/>
        <line num="55" count="8" type="cond" truecount="4" falsecount="0"/>
        <line num="58" count="5" type="stmt"/>
        <line num="59" count="3" type="cond" truecount="3" falsecount="0"/>
        <line num="61" count="1" type="stmt"/>
        <line num="63" count="1" type="stmt"/>
        <line num="65" count="1" type="stmt"/>
        <line num="71" count="5" type="stmt"/>
        <line num="72" count="5" type="stmt"/>
        <line num="73" count="5" type="stmt"/>
        <line num="74" count="5" type="stmt"/>
        <line num="75" count="5" type="stmt"/>
        <line num="76" count="5" type="stmt"/>
        <line num="77" count="5" type="stmt"/>
        <line num="78" count="5" type="stmt"/>
        <line num="81" count="5" type="stmt"/>
        <line num="82" count="1" type="stmt"/>
        <line num="83" count="1" type="stmt"/>
        <line num="84" count="1" type="stmt"/>
        <line num="85" count="1" type="cond" truecount="1" falsecount="1"/>
        <line num="89" count="2" type="cond" truecount="4" falsecount="0"/>
        <line num="90" count="2" type="cond" truecount="4" falsecount="0"/>
        <line num="91" count="2" type="cond" truecount="2" falsecount="0"/>
        <line num="92" count="1" type="stmt"/>
        <line num="93" count="4" type="stmt"/>
        <line num="95" count="1" type="stmt"/>
        <line num="96" count="1" type="stmt"/>
        <line num="97" count="1" type="stmt"/>
        <line num="98" count="1" type="stmt"/>
        <line num="100" count="1" type="stmt"/>
        <line num="102" count="1" type="stmt"/>
        <line num="105" count="1" type="stmt"/>
        <line num="106" count="1" type="stmt"/>
        <line num="108" count="2" type="stmt"/>
        <line num="109" count="2" type="stmt"/>
        <line num="110" count="2" type="stmt"/>
        <line num="113" count="5" type="stmt"/>
        <line num="114" count="1" type="stmt"/>
        <line num="119" count="1" type="stmt"/>
        <line num="120" count="1" type="stmt"/>
        <line num="123" count="5" type="stmt"/>
        <line num="124" count="1" type="stmt"/>
        <line num="129" count="1" type="stmt"/>
        <line num="130" count="1" type="stmt"/>
        <line num="134" count="4" type="cond" truecount="4" falsecount="0"/>
        <line num="135" count="4" type="cond" truecount="4" falsecount="0"/>
        <line num="136" count="4" type="cond" truecount="2" falsecount="0"/>
        <line num="137" count="3" type="stmt"/>
        <line num="138" count="3" type="stmt"/>
        <line num="140" count="3" type="stmt"/>
        <line num="142" count="1" type="stmt"/>
        <line num="143" count="1" type="stmt"/>
        <line num="145" count="1" type="stmt"/>
        <line num="148" count="4" type="stmt"/>
        <line num="149" count="16" type="stmt"/>
        <line num="152" count="4" type="stmt"/>
        <line num="157" count="5" type="stmt"/>
        <line num="158" count="5" type="cond" truecount="1" falsecount="1"/>
        <line num="159" count="0" type="stmt"/>
        <line num="163" count="0" type="stmt"/>
        <line num="164" count="0" type="stmt"/>
        <line num="170" count="0" type="stmt"/>
        <line num="177" count="5" type="stmt"/>
        <line num="178" count="2" type="cond" truecount="1" falsecount="1"/>
        <line num="179" count="0" type="stmt"/>
        <line num="182" count="0" type="stmt"/>
      </file>
      <file name="Login.js" path="/home/goulvennev/Documents/Travail/OpenClassrooms/Livrable 8/src/containers/Login.js">
        <metrics statements="45" coveredstatements="28" conditionals="10" coveredconditionals="3" methods="9" coveredmethods="5"/>
        <line num="3" count="1" type="stmt"/>
        <line num="8" count="2" type="stmt"/>
        <line num="9" count="2" type="stmt"/>
        <line num="10" count="2" type="stmt"/>
        <line num="11" count="2" type="stmt"/>
        <line num="12" count="2" type="stmt"/>
        <line num="13" count="2" type="stmt"/>
        <line num="14" count="2" type="stmt"/>
        <line num="15" count="2" type="stmt"/>
        <line num="16" count="2" type="stmt"/>
        <line num="18" count="2" type="stmt"/>
        <line num="19" count="2" type="stmt"/>
        <line num="25" count="2" type="stmt"/>
        <line num="26" count="2" type="stmt"/>
        <line num="27" count="2" type="cond" truecount="1" falsecount="1"/>
        <line num="28" count="2" type="stmt"/>
        <line num="29" count="2" type="stmt"/>
        <line num="30" count="2" type="stmt"/>
        <line num="31" count="2" type="stmt"/>
        <line num="32" count="2" type="stmt"/>
        <line num="35" count="2" type="stmt"/>
        <line num="36" count="2" type="stmt"/>
        <line num="42" count="0" type="stmt"/>
        <line num="43" count="0" type="stmt"/>
        <line num="44" count="0" type="cond" truecount="0" falsecount="2"/>
        <line num="45" count="0" type="stmt"/>
        <line num="46" count="0" type="stmt"/>
        <line num="47" count="0" type="stmt"/>
        <line num="48" count="0" type="stmt"/>
        <line num="49" count="0" type="stmt"/>
        <line num="53" count="2" type="stmt"/>
        <line num="54" count="2" type="cond" truecount="1" falsecount="1"/>
        <line num="55" count="0" type="stmt"/>
        <line num="59" count="0" type="cond" truecount="0" falsecount="2"/>
        <line num="60" count="0" type="stmt"/>
        <line num="61" count="0" type="stmt"/>
        <line num="63" count="0" type="stmt"/>
        <line num="66" count="0" type="stmt"/>
        <line num="68" count="2" type="stmt"/>
        <line num="73" count="2" type="stmt"/>
        <line num="74" count="2" type="cond" truecount="1" falsecount="1"/>
        <line num="75" count="0" type="stmt"/>
        <line num="82" count="0" type="stmt"/>
        <line num="83" count="0" type="stmt"/>
        <line num="85" count="2" type="stmt"/>
      </file>
      <file name="Logout.js" path="/home/goulvennev/Documents/Travail/OpenClassrooms/Livrable 8/src/containers/Logout.js">
        <metrics statements="7" coveredstatements="7" conditionals="0" coveredconditionals="0" methods="2" coveredmethods="2"/>
        <line num="5" count="6" type="stmt"/>
        <line num="6" count="6" type="stmt"/>
        <line num="7" count="6" type="stmt"/>
        <line num="8" count="6" type="stmt"/>
        <line num="11" count="6" type="stmt"/>
        <line num="12" count="2" type="stmt"/>
        <line num="13" count="2" type="stmt"/>
      </file>
      <file name="NewBill.js" path="/home/goulvennev/Documents/Travail/OpenClassrooms/Livrable 8/src/containers/NewBill.js">
        <metrics statements="30" coveredstatements="0" conditionals="4" coveredconditionals="0" methods="8" coveredmethods="0"/>
        <line num="7" count="0" type="stmt"/>
        <line num="8" count="0" type="stmt"/>
        <line num="9" count="0" type="stmt"/>
        <line num="10" count="0" type="stmt"/>
        <line num="11" count="0" type="stmt"/>
        <line num="12" count="0" type="stmt"/>
        <line num="13" count="0" type="stmt"/>
        <line num="14" count="0" type="stmt"/>
        <line num="15" count="0" type="stmt"/>
        <line num="16" count="0" type="stmt"/>
        <line num="18" count="0" type="stmt"/>
        <line num="19" count="0" type="stmt"/>
        <line num="20" count="0" type="stmt"/>
        <line num="21" count="0" type="stmt"/>
        <line num="22" count="0" type="stmt"/>
        <line num="26" count="0" type="stmt"/>
        <line num="28" count="0" type="stmt"/>
        <line num="29" count="0" type="stmt"/>
        <line num="32" count="0" type="stmt"/>
        <line num="33" count="0" type="stmt"/>
        <line num="34" count="0" type="stmt"/>
        <line num="35" count="0" type="stmt"/>
        <line num="36" count="0" type="stmt"/>
        <line num="49" count="0" type="stmt"/>
        <line num="50" count="0" type="stmt"/>
        <line num="54" count="0" type="stmt"/>
        <line num="55" count="0" type="cond" truecount="0" falsecount="2"/>
        <line num="56" count="0" type="stmt"/>
        <line num="60" count="0" type="stmt"/>
        <line num="62" count="0" type="stmt"/>
      </file>
    </package>
    <package name="views">
      <metrics statements="28" coveredstatements="26" conditionals="30" coveredconditionals="28" methods="14" coveredmethods="14"/>
      <file name="Actions.js" path="/home/goulvennev/Documents/Travail/OpenClassrooms/Livrable 8/src/views/Actions.js">
        <metrics statements="1" coveredstatements="1" conditionals="0" coveredconditionals="0" methods="1" coveredmethods="1"/>
        <line num="5" count="6" type="stmt"/>
      </file>
      <file name="BillsUI.js" path="/home/goulvennev/Documents/Travail/OpenClassrooms/Livrable 8/src/views/BillsUI.js">
        <metrics statements="10" coveredstatements="8" conditionals="8" coveredconditionals="6" methods="5" coveredmethods="5"/>
        <line num="7" count="6" type="stmt"/>
        <line num="8" count="4" type="stmt"/>
        <line num="22" count="6" type="stmt"/>
        <line num="23" count="5" type="cond" truecount="4" falsecount="0"/>
        <line num="28" count="5" type="stmt"/>
        <line num="45" count="5" type="cond" truecount="1" falsecount="1"/>
        <line num="46" count="0" type="stmt"/>
        <line num="47" count="5" type="cond" truecount="1" falsecount="1"/>
        <line num="48" count="0" type="stmt"/>
        <line num="51" count="5" type="stmt"/>
      </file>
      <file name="DashboardFormUI.js" path="/home/goulvennev/Documents/Travail/OpenClassrooms/Livrable 8/src/views/DashboardFormUI.js">
        <metrics statements="2" coveredstatements="2" conditionals="4" coveredconditionals="4" methods="2" coveredmethods="2"/>
        <line num="7" count="8" type="stmt"/>
        <line num="26" count="8" type="stmt"/>
      </file>
      <file name="DashboardUI.js" path="/home/goulvennev/Documents/Travail/OpenClassrooms/Livrable 8/src/views/DashboardUI.js">
        <metrics statements="5" coveredstatements="5" conditionals="10" coveredconditionals="10" methods="1" coveredmethods="1"/>
        <line num="10" count="9" type="cond" truecount="2" falsecount="0"/>
        <line num="11" count="1" type="stmt"/>
        <line num="12" count="8" type="cond" truecount="2" falsecount="0"/>
        <line num="13" count="3" type="stmt"/>
        <line num="16" count="5" type="stmt"/>
      </file>
      <file name="ErrorPage.js" path="/home/goulvennev/Documents/Travail/OpenClassrooms/Livrable 8/src/views/ErrorPage.js">
        <metrics statements="1" coveredstatements="1" conditionals="2" coveredconditionals="2" methods="1" coveredmethods="1"/>
        <line num="5" count="5" type="stmt"/>
      </file>
      <file name="LoadingPage.js" path="/home/goulvennev/Documents/Travail/OpenClassrooms/Livrable 8/src/views/LoadingPage.js">
        <metrics statements="1" coveredstatements="1" conditionals="0" coveredconditionals="0" methods="1" coveredmethods="1"/>
        <line num="5" count="2" type="stmt"/>
      </file>
      <file name="LoginUI.js" path="/home/goulvennev/Documents/Travail/OpenClassrooms/Livrable 8/src/views/LoginUI.js">
        <metrics statements="1" coveredstatements="1" conditionals="0" coveredconditionals="0" methods="1" coveredmethods="1"/>
        <line num="4" count="10" type="stmt"/>
      </file>
      <file name="NewBillUI.js" path="/home/goulvennev/Documents/Travail/OpenClassrooms/Livrable 8/src/views/NewBillUI.js">
        <metrics statements="1" coveredstatements="1" conditionals="0" coveredconditionals="0" methods="1" coveredmethods="1"/>
        <line num="5" count="2" type="stmt"/>
      </file>
      <file name="VerticalLayout.js" path="/home/goulvennev/Documents/Travail/OpenClassrooms/Livrable 8/src/views/VerticalLayout.js">
        <metrics statements="6" coveredstatements="6" conditionals="6" coveredconditionals="6" methods="1" coveredmethods="1"/>
        <line num="7" count="20" type="stmt"/>
        <line num="8" count="20" type="cond" truecount="2" falsecount="0"/>
        <line num="9" count="7" type="stmt"/>
        <line num="11" count="20" type="cond" truecount="4" falsecount="0"/>
        <line num="12" count="1" type="stmt"/>
        <line num="29" count="19" type="stmt"/>
      </file>
    </package>
  </project>
</coverage>
